# JRE version: 7.0_21-b12
# Java VM: Java HotSpot(TM) 64-Bit Server VM (23.21-b01 mixed mode bsd-amd64 compressed oops)
Heap
 def new generation   total 94272K, used 45377K [0x00000007b0000000, 0x00000007b6640000, 0x00000007c5550000)
  eden space 83840K,  43% used [0x00000007b0000000, 0x00000007b23867b0, 0x00000007b51e0000)
  from space 10432K,  86% used [0x00000007b51e0000, 0x00000007b5aa9f10, 0x00000007b5c10000)
  to   space 10432K,   0% used [0x00000007b5c10000, 0x00000007b5c10000, 0x00000007b6640000)
 tenured generation   total 209292K, used 133544K [0x00000007c5550000, 0x00000007d21b3000, 0x00000007f0000000)
   the space 209292K,  63% used [0x00000007c5550000, 0x00000007cd7ba1d0, 0x00000007cd7ba200, 0x00000007d21b3000)
 compacting perm gen  total 66944K, used 66926K [0x00000007f0000000, 0x00000007f4160000, 0x0000000800000000)
   the space 66944K,  99% used [0x00000007f0000000, 0x00000007f415ba30, 0x00000007f415bc00, 0x00000007f4160000)
GC Heap History (10 events):
Event: 7980.887 GC heap before
{Heap before GC invocations=213 (full 13):
 def new generation   total 94272K, used 88204K [0x00000007b0000000, 0x00000007b6640000, 0x00000007c5550000)
  eden space 83840K, 100% used [0x00000007b0000000, 0x00000007b51e0000, 0x00000007b51e0000)
  from space 10432K,  41% used [0x00000007b5c10000, 0x00000007b6053210, 0x00000007b6640000)
  to   space 10432K,   0% used [0x00000007b51e0000, 0x00000007b51e0000, 0x00000007b5c10000)
 tenured generation   total 209292K, used 125573K [0x00000007c5550000, 0x00000007d21b3000, 0x00000007f0000000)
   the space 209292K,  59% used [0x00000007c5550000, 0x00000007ccff1740, 0x00000007ccff1800, 0x00000007d21b3000)
 compacting perm gen  total 65984K, used 65968K [0x00000007f0000000, 0x00000007f4070000, 0x0000000800000000)
   the space 65984K,  99% used [0x00000007f0000000, 0x00000007f406c088, 0x00000007f406c200, 0x00000007f4070000)
No shared spaces configured.
Event: 7980.925 GC heap after
Heap after GC invocations=214 (full 13):
 def new generation   total 94272K, used 8986K [0x00000007b0000000, 0x00000007b6640000, 0x00000007c5550000)
  eden space 83840K,   0% used [0x00000007b0000000, 0x00000007b0000000, 0x00000007b51e0000)
  from space 10432K,  86% used [0x00000007b51e0000, 0x00000007b5aa6a50, 0x00000007b5c10000)
  to   space 10432K,   0% used [0x00000007b5c10000, 0x00000007b5c10000, 0x00000007b6640000)
 tenured generation   total 209292K, used 125573K [0x00000007c5550000, 0x00000007d21b3000, 0x00000007f0000000)
   the space 209292K,  59% used [0x00000007c5550000, 0x00000007ccff1740, 0x00000007ccff1800, 0x00000007d21b3000)
 compacting perm gen  total 65984K, used 65968K [0x00000007f0000000, 0x00000007f4070000, 0x0000000800000000)
   the space 65984K,  99% used [0x00000007f0000000, 0x00000007f406c088, 0x00000007f406c200, 0x00000007f4070000)
No shared spaces configured.
}
Event: 7982.231 GC heap before
{Heap before GC invocations=214 (full 13):
 def new generation   total 94272K, used 92826K [0x00000007b0000000, 0x00000007b6640000, 0x00000007c5550000)
  eden space 83840K, 100% used [0x00000007b0000000, 0x00000007b51e0000, 0x00000007b51e0000)
  from space 10432K,  86% used [0x00000007b51e0000, 0x00000007b5aa6a50, 0x00000007b5c10000)
  to   space 10432K,   0% used [0x00000007b5c10000, 0x00000007b5c10000, 0x00000007b6640000)
 tenured generation   total 209292K, used 125573K [0x00000007c5550000, 0x00000007d21b3000, 0x00000007f0000000)
   the space 209292K,  59% used [0x00000007c5550000, 0x00000007ccff1740, 0x00000007ccff1800, 0x00000007d21b3000)
 compacting perm gen  total 65984K, used 65979K [0x00000007f0000000, 0x00000007f4070000, 0x0000000800000000)
   the space 65984K,  99% used [0x00000007f0000000, 0x00000007f406ef38, 0x00000007f406f000, 0x00000007f4070000)
No shared spaces configured.
Event: 7982.282 GC heap after
Heap after GC invocations=215 (full 13):
 def new generation   total 94272K, used 1887K [0x00000007b0000000, 0x00000007b6640000, 0x00000007c5550000)
  eden space 83840K,   0% used [0x00000007b0000000, 0x00000007b0000000, 0x00000007b51e0000)
  from space 10432K,  18% used [0x00000007b5c10000, 0x00000007b5de7c20, 0x00000007b6640000)
  to   space 10432K,   0% used [0x00000007b51e0000, 0x00000007b51e0000, 0x00000007b5c10000)
 tenured generation   total 209292K, used 133544K [0x00000007c5550000, 0x00000007d21b3000, 0x00000007f0000000)
   the space 209292K,  63% used [0x00000007c5550000, 0x00000007cd7ba1d0, 0x00000007cd7ba200, 0x00000007d21b3000)
 compacting perm gen  total 65984K, used 65979K [0x00000007f0000000, 0x00000007f4070000, 0x0000000800000000)
   the space 65984K,  99% used [0x00000007f0000000, 0x00000007f406ef38, 0x00000007f406f000, 0x00000007f4070000)
No shared spaces configured.
}
Event: 7983.515 GC heap before
{Heap before GC invocations=215 (full 13):
 def new generation   total 94272K, used 85727K [0x00000007b0000000, 0x00000007b6640000, 0x00000007c5550000)
  eden space 83840K, 100% used [0x00000007b0000000, 0x00000007b51e0000, 0x00000007b51e0000)
  from space 10432K,  18% used [0x00000007b5c10000, 0x00000007b5de7c20, 0x00000007b6640000)
  to   space 10432K,   0% used [0x00000007b51e0000, 0x00000007b51e0000, 0x00000007b5c10000)
 tenured generation   total 209292K, used 133544K [0x00000007c5550000, 0x00000007d21b3000, 0x00000007f0000000)
   the space 209292K,  63% used [0x00000007c5550000, 0x00000007cd7ba1d0, 0x00000007cd7ba200, 0x00000007d21b3000)
 compacting perm gen  total 66304K, used 65984K [0x00000007f0000000, 0x00000007f40c0000, 0x0000000800000000)
   the space 66304K,  99% used [0x00000007f0000000, 0x00000007f4070040, 0x00000007f4070200, 0x00000007f40c0000)
No shared spaces configured.
Event: 7983.527 GC heap after
Heap after GC invocations=216 (full 13):
 def new generation   total 94272K, used 1923K [0x00000007b0000000, 0x00000007b6640000, 0x00000007c5550000)
  eden space 83840K,   0% used [0x00000007b0000000, 0x00000007b0000000, 0x00000007b51e0000)
  from space 10432K,  18% used [0x00000007b51e0000, 0x00000007b53c0ef0, 0x00000007b5c10000)
  to   space 10432K,   0% used [0x00000007b5c10000, 0x00000007b5c10000, 0x00000007b6640000)
 tenured generation   total 209292K, used 133544K [0x00000007c5550000, 0x00000007d21b3000, 0x00000007f0000000)
   the space 209292K,  63% used [0x00000007c5550000, 0x00000007cd7ba1d0, 0x00000007cd7ba200, 0x00000007d21b3000)
 compacting perm gen  total 66304K, used 65984K [0x00000007f0000000, 0x00000007f40c0000, 0x0000000800000000)
   the space 66304K,  99% used [0x00000007f0000000, 0x00000007f4070040, 0x00000007f4070200, 0x00000007f40c0000)
No shared spaces configured.
}
Event: 7984.853 GC heap before
{Heap before GC invocations=216 (full 13):
 def new generation   total 94272K, used 85763K [0x00000007b0000000, 0x00000007b6640000, 0x00000007c5550000)
  eden space 83840K, 100% used [0x00000007b0000000, 0x00000007b51e0000, 0x00000007b51e0000)
  from space 10432K,  18% used [0x00000007b51e0000, 0x00000007b53c0ef0, 0x00000007b5c10000)
  to   space 10432K,   0% used [0x00000007b5c10000, 0x00000007b5c10000, 0x00000007b6640000)
 tenured generation   total 209292K, used 133544K [0x00000007c5550000, 0x00000007d21b3000, 0x00000007f0000000)
   the space 209292K,  63% used [0x00000007c5550000, 0x00000007cd7ba1d0, 0x00000007cd7ba200, 0x00000007d21b3000)
 compacting perm gen  total 66304K, used 66020K [0x00000007f0000000, 0x00000007f40c0000, 0x0000000800000000)
   the space 66304K,  99% used [0x00000007f0000000, 0x00000007f4079240, 0x00000007f4079400, 0x00000007f40c0000)
No shared spaces configured.
Event: 7984.865 GC heap after
Heap after GC invocations=217 (full 13):
 def new generation   total 94272K, used 1977K [0x00000007b0000000, 0x00000007b6640000, 0x00000007c5550000)
  eden space 83840K,   0% used [0x00000007b0000000, 0x00000007b0000000, 0x00000007b51e0000)
  from space 10432K,  18% used [0x00000007b5c10000, 0x00000007b5dfe6b0, 0x00000007b6640000)
  to   space 10432K,   0% used [0x00000007b51e0000, 0x00000007b51e0000, 0x00000007b5c10000)
 tenured generation   total 209292K, used 133544K [0x00000007c5550000, 0x00000007d21b3000, 0x00000007f0000000)
   the space 209292K,  63% used [0x00000007c5550000, 0x00000007cd7ba1d0, 0x00000007cd7ba200, 0x00000007d21b3000)
 compacting perm gen  total 66304K, used 66020K [0x00000007f0000000, 0x00000007f40c0000, 0x0000000800000000)
   the space 66304K,  99% used [0x00000007f0000000, 0x00000007f4079240, 0x00000007f4079400, 0x00000007f40c0000)
No shared spaces configured.
}
Event: 7988.765 GC heap before
{Heap before GC invocations=217 (full 13):
 def new generation   total 94272K, used 85811K [0x00000007b0000000, 0x00000007b6640000, 0x00000007c5550000)
  eden space 83840K,  99% used [0x00000007b0000000, 0x00000007b51de560, 0x00000007b51e0000)
  from space 10432K,  18% used [0x00000007b5c10000, 0x00000007b5dfe6b0, 0x00000007b6640000)
  to   space 10432K,   0% used [0x00000007b51e0000, 0x00000007b51e0000, 0x00000007b5c10000)
 tenured generation   total 209292K, used 133544K [0x00000007c5550000, 0x00000007d21b3000, 0x00000007f0000000)
   the space 209292K,  63% used [0x00000007c5550000, 0x00000007cd7ba1d0, 0x00000007cd7ba200, 0x00000007d21b3000)
 compacting perm gen  total 66624K, used 66389K [0x00000007f0000000, 0x00000007f4110000, 0x0000000800000000)
   the space 66624K,  99% used [0x00000007f0000000, 0x00000007f40d56f8, 0x00000007f40d5800, 0x00000007f4110000)
No shared spaces configured.
Event: 7988.792 GC heap after
Heap after GC invocations=218 (full 13):
 def new generation   total 94272K, used 8999K [0x00000007b0000000, 0x00000007b6640000, 0x00000007c5550000)
  eden space 83840K,   0% used [0x00000007b0000000, 0x00000007b0000000, 0x00000007b51e0000)
  from space 10432K,  86% used [0x00000007b51e0000, 0x00000007b5aa9f10, 0x00000007b5c10000)
  to   space 10432K,   0% used [0x00000007b5c10000, 0x00000007b5c10000, 0x00000007b6640000)
 tenured generation   total 209292K, used 133544K [0x00000007c5550000, 0x00000007d21b3000, 0x00000007f0000000)
   the space 209292K,  63% used [0x00000007c5550000, 0x00000007cd7ba1d0, 0x00000007cd7ba200, 0x00000007d21b3000)
 compacting perm gen  total 66624K, used 66389K [0x00000007f0000000, 0x00000007f4110000, 0x0000000800000000)
   the space 66624K,  99% used [0x00000007f0000000, 0x00000007f40d56f8, 0x00000007f40d5800, 0x00000007f4110000)
No shared spaces configured.
}

